2023-11-21 19:40:36-log: Cannot access game frame or container.
2023-11-21 19:40:37-debug: asset-db:require-engine-code (1221ms)
2023-11-21 19:40:37-log: Cocos Creator v3.8.1
2023-11-21 19:40:37-debug: [Assets Memory track]: asset-db:worker-init: initEngine start:20.82MB, end 91.95MB, increase: 71.12MB
2023-11-21 19:40:37-debug: [Assets Memory track]: asset-db-plugin-register: engine-extends start:96.36MB, end 100.00MB, increase: 3.64MB
2023-11-21 19:40:37-debug: [Assets Memory track]: asset-db:worker-init: initPlugin start:91.95MB, end 100.01MB, increase: 8.06MB
2023-11-21 19:40:37-debug: [Assets Memory track]: asset-db-plugin-register: programming start:92.53MB, end 96.31MB, increase: 3.78MB
2023-11-21 19:40:37-debug: [Assets Memory track]: asset-db-plugin-enable: project start:96.54MB, end 100.01MB, increase: 3.47MB
2023-11-21 19:40:37-debug: asset-db:worker-init: initPlugin (187ms)
2023-11-21 19:40:37-debug: [Assets Memory track]: asset-db:worker-init start:20.82MB, end 94.13MB, increase: 73.31MB
2023-11-21 19:40:37-debug: Run asset db hook programming:beforePreStart ...
2023-11-21 19:40:37-debug: Run asset db hook engine-extends:beforePreStart success!
2023-11-21 19:40:37-debug: Run asset db hook engine-extends:beforePreStart ...
2023-11-21 19:40:37-debug: Run asset db hook programming:beforePreStart success!
2023-11-21 19:40:38-debug: asset-db:worker-init (2675ms)
2023-11-21 19:40:38-debug: asset-db-hook-programming-beforePreStart (738ms)
2023-11-21 19:40:38-debug: asset-db-hook-engine-extends-beforePreStart (738ms)
2023-11-21 19:40:38-debug: Preimport db internal success
2023-11-21 19:40:38-debug: Preimport db assets success
2023-11-21 19:40:38-debug: Run asset db hook programming:afterPreStart ...
2023-11-21 19:40:40-debug: run package(builder) handler(enable) start
2023-11-21 19:40:45-debug: [Assets Memory track]: asset-db-plugin-enable: builder start:112.85MB, end 302.78MB, increase: 189.93MB
2023-11-21 19:40:45-debug: run package(builder) handler(enable) success!
2023-11-21 19:40:45-debug: run package(shortcuts) handler(enable) success!
2023-11-21 19:40:45-debug: run package(animation-graph) handler(enable) success!
2023-11-21 19:40:45-debug: run package(animation-graph) handler(enable) start
2023-11-21 19:40:45-debug: run package(shortcuts) handler(enable) start
2023-11-21 19:40:45-debug: run package(about) handler(enable) success!
2023-11-21 19:40:45-debug: run package(assets) handler(enable) start
2023-11-21 19:40:45-debug: run package(assets) handler(enable) success!
2023-11-21 19:40:45-debug: run package(console) handler(enable) success!
2023-11-21 19:40:45-debug: run package(console) handler(enable) start
2023-11-21 19:40:45-debug: run package(crash-reporter) handler(enable) start
2023-11-21 19:40:45-debug: run package(crash-reporter) handler(enable) success!
2023-11-21 19:40:45-debug: run package(extension) handler(enable) success!
2023-11-21 19:40:45-debug: run package(extension) handler(enable) start
2023-11-21 19:40:45-debug: run package(hierarchy) handler(enable) start
2023-11-21 19:40:45-debug: run package(hierarchy) handler(enable) success!
2023-11-21 19:40:45-debug: run package(about) handler(enable) start
2023-11-21 19:40:45-debug: run package(inspector) handler(enable) start
2023-11-21 19:40:45-debug: run package(inspector) handler(enable) success!
2023-11-21 19:40:45-debug: run package(light-probe) handler(enable) start
2023-11-21 19:40:45-debug: run package(light-probe) handler(enable) success!
2023-11-21 19:40:45-debug: run package(node-library) handler(enable) start
2023-11-21 19:40:45-debug: run package(lightmap) handler(enable) success!
2023-11-21 19:40:45-debug: run package(node-library) handler(enable) success!
2023-11-21 19:40:45-debug: run package(lightmap) handler(enable) start
2023-11-21 19:40:45-debug: run package(package-asset) handler(enable) start
2023-11-21 19:40:45-debug: run package(package-asset) handler(enable) success!
2023-11-21 19:40:45-debug: run package(reference-image) handler(enable) start
2023-11-21 19:40:45-debug: run package(process) handler(enable) success!
2023-11-21 19:40:45-debug: run package(reflection-probe) handler(enable) start
2023-11-21 19:40:45-debug: run package(reflection-probe) handler(enable) success!
2023-11-21 19:40:45-debug: run package(reference-image) handler(enable) success!
2023-11-21 19:40:45-debug: run package(process) handler(enable) start
2023-11-21 19:40:45-debug: run package(engine-extends) handler(enable) success!
2023-11-21 19:40:45-debug: run package(engine-extends) handler(enable) start
2023-11-21 19:40:45-debug: run package(adsense-h5g-plugin) handler(enable) success!
2023-11-21 19:40:45-debug: run package(adsense-h5g-plugin) handler(enable) start
2023-11-21 19:40:45-debug: run package(alipay-mini-game) handler(enable) success!
2023-11-21 19:40:45-debug: run package(alipay-mini-game) handler(enable) start
2023-11-21 19:40:45-debug: run package(bytedance-mini-game) handler(enable) start
2023-11-21 19:40:45-debug: run package(android) handler(enable) success!
2023-11-21 19:40:45-debug: run package(bytedance-mini-game) handler(enable) success!
2023-11-21 19:40:45-debug: run package(certificate) handler(enable) start
2023-11-21 19:40:45-debug: run package(certificate) handler(enable) success!
2023-11-21 19:40:45-debug: run package(channel-upload-tools) handler(enable) start
2023-11-21 19:40:45-debug: run package(channel-upload-tools) handler(enable) success!
2023-11-21 19:40:45-debug: run package(android) handler(enable) start
2023-11-21 19:40:45-debug: run package(fb-instant-games) handler(enable) start
2023-11-21 19:40:45-debug: run package(huawei-agc) handler(enable) start
2023-11-21 19:40:45-debug: run package(fb-instant-games) handler(enable) success!
2023-11-21 19:40:45-debug: run package(huawei-quick-game) handler(enable) success!
2023-11-21 19:40:45-debug: run package(huawei-agc) handler(enable) success!
2023-11-21 19:40:45-debug: run package(huawei-quick-game) handler(enable) start
2023-11-21 19:40:45-debug: run package(linux) handler(enable) start
2023-11-21 19:40:45-debug: run package(ios) handler(enable) success!
2023-11-21 19:40:45-debug: run package(linux) handler(enable) success!
2023-11-21 19:40:45-debug: run package(mac) handler(enable) success!
2023-11-21 19:40:45-debug: run package(mac) handler(enable) start
2023-11-21 19:40:45-debug: run package(native) handler(enable) start
2023-11-21 19:40:45-debug: run package(native) handler(enable) success!
2023-11-21 19:40:45-debug: run package(ohos) handler(enable) start
2023-11-21 19:40:45-debug: run package(ohos) handler(enable) success!
2023-11-21 19:40:45-debug: run package(openharmony) handler(enable) start
2023-11-21 19:40:45-debug: run package(openharmony) handler(enable) success!
2023-11-21 19:40:45-debug: run package(oppo-mini-game) handler(enable) success!
2023-11-21 19:40:45-debug: run package(ios) handler(enable) start
2023-11-21 19:40:45-debug: run package(oppo-mini-game) handler(enable) start
2023-11-21 19:40:45-debug: run package(runtime-dev-tools) handler(enable) success!
2023-11-21 19:40:45-debug: run package(taobao-creative-app) handler(enable) start
2023-11-21 19:40:45-debug: run package(taobao-creative-app) handler(enable) success!
2023-11-21 19:40:45-debug: run package(runtime-dev-tools) handler(enable) start
2023-11-21 19:40:45-debug: run package(taobao-mini-game) handler(enable) success!
2023-11-21 19:40:45-debug: run package(taobao-mini-game) handler(enable) start
2023-11-21 19:40:45-debug: run package(vivo-mini-game) handler(enable) success!
2023-11-21 19:40:45-debug: run package(web-desktop) handler(enable) success!
2023-11-21 19:40:45-debug: run package(web-desktop) handler(enable) start
2023-11-21 19:40:45-debug: run package(vivo-mini-game) handler(enable) start
2023-11-21 19:40:45-debug: run package(web-mobile) handler(enable) success!
2023-11-21 19:40:45-debug: run package(wechatgame) handler(enable) start
2023-11-21 19:40:45-debug: run package(web-mobile) handler(enable) start
2023-11-21 19:40:45-debug: run package(wechatgame) handler(enable) success!
2023-11-21 19:40:45-debug: run package(wechatprogram) handler(enable) start
2023-11-21 19:40:45-debug: run package(wechatprogram) handler(enable) success!
2023-11-21 19:40:45-debug: run package(windows) handler(enable) start
2023-11-21 19:40:45-debug: run package(windows) handler(enable) success!
2023-11-21 19:40:45-debug: run package(xiaomi-quick-game) handler(enable) start
2023-11-21 19:40:45-debug: run package(cocos-service) handler(enable) start
2023-11-21 19:40:45-debug: run package(xiaomi-quick-game) handler(enable) success!
2023-11-21 19:40:45-debug: run package(im-plugin) handler(enable) success!
2023-11-21 19:40:45-debug: run package(cocos-service) handler(enable) success!
2023-11-21 19:40:45-debug: run package(placeholder) handler(enable) start
2023-11-21 19:40:45-debug: run package(placeholder) handler(enable) success!
2023-11-21 19:40:45-debug: run package(im-plugin) handler(enable) start
2023-11-21 19:40:45-debug: Set detail map pack:///resolution-detail-map.json: {}
2023-11-21 19:40:45-debug: Run asset db hook programming:afterPreStart success!
2023-11-21 19:40:45-debug: Run asset db hook engine-extends:afterPreStart success!
2023-11-21 19:40:45-debug: [Assets Memory track]: asset-db:worker-init: preStart start:94.13MB, end 299.81MB, increase: 205.67MB
2023-11-21 19:40:45-debug: Run asset db hook engine-extends:afterPreStart ...
2023-11-21 19:40:45-debug: Start up the 'internal' database...
2023-11-21 19:40:46-debug: asset-db-hook-programming-afterPreStart (7403ms)
2023-11-21 19:40:46-debug: asset-db:worker-effect-data-processing (77ms)
2023-11-21 19:40:46-debug: asset-db-hook-engine-extends-afterPreStart (77ms)
2023-11-21 19:40:46-debug: start asset-db(internal) with asset: 463
2023-11-21 19:40:46-debug: [Assets Memory track]: asset-db:worker-startup-database[internal] start:114.38MB, end 303.91MB, increase: 189.53MB
2023-11-21 19:40:46-debug: Start up the 'assets' database...
2023-11-21 19:40:46-debug: asset-db:worker-startup-database[internal] (7738ms)
2023-11-21 19:40:46-debug: start asset-db(assets) with asset: 50
2023-11-21 19:40:46-debug: [Assets Memory track]: asset-db:worker-startup-database[assets] start:117.47MB, end 300.78MB, increase: 183.31MB
2023-11-21 19:40:46-debug: asset-db:worker-startup-database[assets] (7575ms)
2023-11-21 19:40:46-debug: asset-db:start-database (8363ms)
2023-11-21 19:40:46-debug: asset-db:ready (13747ms)
2023-11-21 19:40:46-debug: init worker message success
2023-11-21 19:40:47-debug: [Build Memory track]: builder:worker-init start:306.53MB, end 314.86MB, increase: 8.33MB
2023-11-21 19:40:47-debug: programming:execute-script (1ms)
2023-11-21 19:40:47-debug: builder:worker-init (743ms)
2023-11-21 19:40:48-debug: programming:execute-script (7ms)
2023-11-21 19:40:52-debug: Query all assets info in project
2023-11-21 19:40:52-debug: init custom config: keepNodeUuid: false, useCache: true
2023-11-21 19:40:52-debug:   Number of all scenes: 1
2023-11-21 19:40:52-debug:   Number of other assets: 719
2023-11-21 19:40:52-debug:   Number of all scripts: 7
2023-11-21 19:40:52-debug: reload all scripts.
2023-11-21 19:40:52-debug: Set detail map pack:///resolution-detail-map.json: {}
2023-11-21 19:40:52-debug: F:\bigsinger\Farm\FarmCreator372\temp\programming\packer-driver\targets\editor\chunks\93\93ba276ea7b26ffcdc433fab14afc1ed6f05647b.js resolved to F:\bigsinger\Farm\FarmCreator372\temp\programming\packer-driver\targets\editor\chunks\93\93ba276ea7b26ffcdc433fab14afc1ed6f05647b.js is not in module cache!
2023-11-21 19:40:52-debug: [[Executor]] Module "cce:/internal/x/cc-fu/base" loaded.
2023-11-21 19:40:52-debug: [[Executor]] Module "cce:/internal/x/cc-fu/gfx-webgl" loaded.
2023-11-21 19:40:52-debug: [[Executor]] Module "cce:/internal/x/cc-fu/3d" loaded.
2023-11-21 19:40:52-debug: [[Executor]] Module "cce:/internal/x/cc-fu/gfx-empty" loaded.
2023-11-21 19:40:52-debug: [[Executor]] Module "cce:/internal/x/cc-fu/skeletal-animation" loaded.
2023-11-21 19:40:52-debug: [[Executor]] Module "cce:/internal/x/cc-fu/gfx-webgl2" loaded.
2023-11-21 19:40:52-debug: [[Executor]] Module "cce:/internal/x/cc-fu/sorting" loaded.
2023-11-21 19:40:52-debug: [[Executor]] Module "cce:/internal/x/cc-fu/animation" loaded.
2023-11-21 19:40:52-debug: [[Executor]] Module "cce:/internal/x/cc-fu/2d" loaded.
2023-11-21 19:40:52-debug: [[Executor]] Module "cce:/internal/x/cc-fu/particle" loaded.
2023-11-21 19:40:52-debug: [[Executor]] Module "cce:/internal/x/cc-fu/particle-2d" loaded.
2023-11-21 19:40:52-debug: [[Executor]] Module "cce:/internal/x/cc-fu/physics-framework" loaded.
2023-11-21 19:40:52-debug: [[Executor]] Module "cce:/internal/x/cc-fu/physics-2d-framework" loaded.
2023-11-21 19:40:52-debug: [[Executor]] Module "cce:/internal/x/cc-fu/physics-2d-box2d-wasm" loaded.
2023-11-21 19:40:52-debug: [[Executor]] Module "cce:/internal/x/cc-fu/primitive" loaded.
2023-11-21 19:40:52-debug: [[Executor]] Module "cce:/internal/x/cc-fu/intersection-2d" loaded.
2023-11-21 19:40:52-debug: [[Executor]] Module "cce:/internal/x/cc-fu/geometry-renderer" loaded.
2023-11-21 19:40:52-debug: [[Executor]] Module "cce:/internal/x/cc-fu/profiler" loaded.
2023-11-21 19:40:52-debug: [[Executor]] Module "cce:/internal/x/cc-fu/video" loaded.
2023-11-21 19:40:52-debug: [[Executor]] Module "cce:/internal/x/cc-fu/audio" loaded.
2023-11-21 19:40:52-debug: [[Executor]] Module "cce:/internal/x/cc-fu/light-probe" loaded.
2023-11-21 19:40:52-debug: [[Executor]] Module "cce:/internal/x/cc-fu/terrain" loaded.
2023-11-21 19:40:52-debug: [[Executor]] Module "cce:/internal/x/cc-fu/webview" loaded.
2023-11-21 19:40:52-debug: [[Executor]] Module "cce:/internal/x/cc-fu/xr" loaded.
2023-11-21 19:40:52-debug: [[Executor]] Module "cce:/internal/x/cc-fu/tween" loaded.
2023-11-21 19:40:52-debug: [[Executor]] Module "cce:/internal/x/cc-fu/tiled-map" loaded.
2023-11-21 19:40:52-debug: [[Executor]] Module "cce:/internal/x/cc-fu/spine" loaded.
2023-11-21 19:40:52-debug: [[Executor]] Module "cce:/internal/x/cc-fu/dragon-bones" loaded.
2023-11-21 19:40:52-debug: [[Executor]] Module "cce:/internal/x/cc-fu/custom-pipeline" loaded.
2023-11-21 19:40:52-debug: [[Executor]] Module "cce:/internal/x/cc-fu/gfx-webgl" loaded.
2023-11-21 19:40:52-debug: [[Executor]] Module "cce:/internal/x/cc-fu/ui" loaded.
2023-11-21 19:40:52-debug: [[Executor]] Module "cce:/internal/x/cc-fu/base" loaded.
2023-11-21 19:40:52-debug: [[Executor]] Module "cce:/internal/x/cc-fu/3d" loaded.
2023-11-21 19:40:52-debug: [[Executor]] Module "cce:/internal/x/cc-fu/gfx-empty" loaded.
2023-11-21 19:40:52-debug: [[Executor]] Module "cce:/internal/x/cc-fu/gfx-webgl2" loaded.
2023-11-21 19:40:52-debug: [[Executor]] Module "cce:/internal/x/cc-fu/skeletal-animation" loaded.
2023-11-21 19:40:52-debug: [[Executor]] Module "cce:/internal/x/cc-fu/2d" loaded.
2023-11-21 19:40:52-debug: [[Executor]] Module "cce:/internal/x/cc-fu/animation" loaded.
2023-11-21 19:40:52-debug: [[Executor]] Module "cce:/internal/x/cc-fu/sorting" loaded.
2023-11-21 19:40:52-debug: [[Executor]] Module "cce:/internal/x/cc-fu/particle" loaded.
2023-11-21 19:40:52-debug: [[Executor]] Module "cce:/internal/x/cc-fu/particle-2d" loaded.
2023-11-21 19:40:52-debug: [[Executor]] Module "cce:/internal/x/cc-fu/physics-2d-framework" loaded.
2023-11-21 19:40:52-debug: [[Executor]] Module "cce:/internal/x/cc-fu/physics-2d-box2d-wasm" loaded.
2023-11-21 19:40:52-debug: [[Executor]] Module "cce:/internal/x/cc-fu/intersection-2d" loaded.
2023-11-21 19:40:52-debug: [[Executor]] Module "cce:/internal/x/cc-fu/physics-framework" loaded.
2023-11-21 19:40:52-debug: [[Executor]] Module "cce:/internal/x/cc-fu/primitive" loaded.
2023-11-21 19:40:52-debug: [[Executor]] Module "cce:/internal/x/cc-fu/geometry-renderer" loaded.
2023-11-21 19:40:52-debug: [[Executor]] Module "cce:/internal/x/cc-fu/audio" loaded.
2023-11-21 19:40:52-debug: [[Executor]] Module "cce:/internal/x/cc-fu/profiler" loaded.
2023-11-21 19:40:52-debug: [[Executor]] Module "cce:/internal/x/cc-fu/xr" loaded.
2023-11-21 19:40:52-debug: [[Executor]] Module "cce:/internal/x/cc-fu/video" loaded.
2023-11-21 19:40:52-debug: [[Executor]] Module "cce:/internal/x/cc-fu/terrain" loaded.
2023-11-21 19:40:52-debug: [[Executor]] Module "cce:/internal/x/cc-fu/light-probe" loaded.
2023-11-21 19:40:52-debug: [[Executor]] Module "cce:/internal/x/cc-fu/webview" loaded.
2023-11-21 19:40:52-debug: [[Executor]] Module "cce:/internal/x/cc-fu/tiled-map" loaded.
2023-11-21 19:40:52-debug: [[Executor]] Module "cce:/internal/x/cc-fu/ui" loaded.
2023-11-21 19:40:52-debug: [[Executor]] Module "cce:/internal/x/cc-fu/dragon-bones" loaded.
2023-11-21 19:40:52-debug: [[Executor]] Module "cce:/internal/x/cc-fu/tween" loaded.
2023-11-21 19:40:52-debug: [[Executor]] Module "cce:/internal/x/cc-fu/custom-pipeline" loaded.
2023-11-21 19:40:52-debug: [[Executor]] Module "pack:///chunks/93/93ba276ea7b26ffcdc433fab14afc1ed6f05647b.js" loaded.
2023-11-21 19:40:52-debug: Invalidating 'pack:///chunks/93/93ba276ea7b26ffcdc433fab14afc1ed6f05647b.js'
2023-11-21 19:40:52-debug: [[Executor]] Module "pack:///chunks/93/93ba276ea7b26ffcdc433fab14afc1ed6f05647b.js" loaded.
2023-11-21 19:40:52-debug: [[Executor]] Module "cce:/internal/x/cc-fu/spine" loaded.
2023-11-21 19:40:52-debug: F:\bigsinger\Farm\FarmCreator372\temp\programming\packer-driver\targets\editor\chunks\6d\6d8fd2b0177941b032ddc0733af48a561fb60657.js resolved to F:\bigsinger\Farm\FarmCreator372\temp\programming\packer-driver\targets\editor\chunks\6d\6d8fd2b0177941b032ddc0733af48a561fb60657.js is not in module cache!
2023-11-21 19:40:52-debug: [[Executor]] Module "pack:///chunks/6d/6d8fd2b0177941b032ddc0733af48a561fb60657.js" loaded.
2023-11-21 19:40:52-debug: F:\bigsinger\Farm\FarmCreator372\temp\programming\packer-driver\targets\editor\chunks\bf\bf2a5ff7e8de9b32e53abd7c8de160e985314530.js resolved to F:\bigsinger\Farm\FarmCreator372\temp\programming\packer-driver\targets\editor\chunks\bf\bf2a5ff7e8de9b32e53abd7c8de160e985314530.js is not in module cache!
2023-11-21 19:40:52-debug: [[Executor]] Module "pack:///chunks/bf/bf2a5ff7e8de9b32e53abd7c8de160e985314530.js" loaded.
2023-11-21 19:40:52-debug: [[Executor]] Register DebugViewRuntimeControl
2023-11-21 19:40:52-debug: F:\bigsinger\Farm\FarmCreator372\temp\programming\packer-driver\targets\editor\chunks\37\3708a06a8c61866a3fbb925eb7b4082a5b13e314.js resolved to F:\bigsinger\Farm\FarmCreator372\temp\programming\packer-driver\targets\editor\chunks\37\3708a06a8c61866a3fbb925eb7b4082a5b13e314.js is not in module cache!
2023-11-21 19:40:52-debug: [[Executor]] Register Crop
2023-11-21 19:40:52-debug: [[Executor]] Module "pack:///chunks/37/3708a06a8c61866a3fbb925eb7b4082a5b13e314.js" loaded.
2023-11-21 19:40:52-debug: F:\bigsinger\Farm\FarmCreator372\temp\programming\packer-driver\targets\editor\chunks\61\617e504b68a1a8d7cc60f3af23c085429a21ebc0.js resolved to F:\bigsinger\Farm\FarmCreator372\temp\programming\packer-driver\targets\editor\chunks\61\617e504b68a1a8d7cc60f3af23c085429a21ebc0.js is not in module cache!
2023-11-21 19:40:52-debug: [[Executor]] Register Brand
2023-11-21 19:40:52-debug: [[Executor]] Module "pack:///chunks/61/617e504b68a1a8d7cc60f3af23c085429a21ebc0.js" loaded.
2023-11-21 19:40:52-debug: F:\bigsinger\Farm\FarmCreator372\temp\programming\packer-driver\targets\editor\chunks\88\8833e08d1ff75334b060dfeb8045fb1a25989dcf.js resolved to F:\bigsinger\Farm\FarmCreator372\temp\programming\packer-driver\targets\editor\chunks\88\8833e08d1ff75334b060dfeb8045fb1a25989dcf.js is not in module cache!
2023-11-21 19:40:52-debug: [[Executor]] Register ConvertedClass
2023-11-21 19:40:52-debug: [[Executor]] Module "pack:///chunks/88/8833e08d1ff75334b060dfeb8045fb1a25989dcf.js" loaded.
2023-11-21 19:40:52-debug: F:\bigsinger\Farm\FarmCreator372\temp\programming\packer-driver\targets\editor\chunks\00\00be9d5ba23aa07aba8b8009188646b03329a7ed.js resolved to F:\bigsinger\Farm\FarmCreator372\temp\programming\packer-driver\targets\editor\chunks\00\00be9d5ba23aa07aba8b8009188646b03329a7ed.js is not in module cache!
2023-11-21 19:40:52-debug: [[Executor]] Module "pack:///chunks/00/00be9d5ba23aa07aba8b8009188646b03329a7ed.js" loaded.
2023-11-21 19:40:52-debug: [[Executor]] Register Fireworks
2023-11-21 19:40:52-debug: F:\bigsinger\Farm\FarmCreator372\temp\programming\packer-driver\targets\editor\chunks\bb\bbc3bafcbb8e68e9ea9e87c914218e6bc7f7ff11.js resolved to F:\bigsinger\Farm\FarmCreator372\temp\programming\packer-driver\targets\editor\chunks\bb\bbc3bafcbb8e68e9ea9e87c914218e6bc7f7ff11.js is not in module cache!
2023-11-21 19:40:52-debug: [[Executor]] Module "pack:///chunks/bb/bbc3bafcbb8e68e9ea9e87c914218e6bc7f7ff11.js" loaded.
2023-11-21 19:40:52-debug: [[Executor]] Register NewClass
2023-11-21 19:40:52-debug: F:\bigsinger\Farm\FarmCreator372\temp\programming\packer-driver\targets\editor\chunks\6c\6cfe6078cb03608736d3f728cae843292f813a3f.js resolved to F:\bigsinger\Farm\FarmCreator372\temp\programming\packer-driver\targets\editor\chunks\6c\6cfe6078cb03608736d3f728cae843292f813a3f.js is not in module cache!
2023-11-21 19:40:52-debug: F:\bigsinger\Farm\FarmCreator372\temp\programming\packer-driver\targets\editor\chunks\6a\6a5019a719a9014c047e67aa1cf34453ab8392ce.js resolved to F:\bigsinger\Farm\FarmCreator372\temp\programming\packer-driver\targets\editor\chunks\6a\6a5019a719a9014c047e67aa1cf34453ab8392ce.js is not in module cache!
2023-11-21 19:40:52-debug: [[Executor]] Module "pack:///chunks/6a/6a5019a719a9014c047e67aa1cf34453ab8392ce.js" loaded.
2023-11-21 19:40:52-debug: [[Executor]] Module "pack:///chunks/6c/6cfe6078cb03608736d3f728cae843292f813a3f.js" loaded.
2023-11-21 19:40:52-debug: Incremental keys: 
2023-11-21 19:40:52-debug: [[Executor]] Module "pack:///chunks/6d/6d8fd2b0177941b032ddc0733af48a561fb60657.js" loaded.
2023-11-21 19:40:52-debug: [[Executor]] Register Soil
2023-11-21 19:40:52-debug: 查询 Asset Bundle start0%
2023-11-21 19:40:52-debug: // ---- build task 查询 Asset Bundle ----
2023-11-21 19:40:52-debug: Query preload assets from cc.config.json: 60f7195c-ec2a-45eb-ba94-8955f60e81d0,1c02ae6f-4492-4915-b8f8-7492a3b1e4cd,810e96e4-e456-4468-9b59-f4e8f39732c0,efe8e2a3-eace-427b-b4f1-cb8a937ec77d,e9aa9a3e-5b2b-4ac7-a2c7-073de2b2b24f,8bbdbcdd-5cd4-4100-b6d5-b7c9625b6107,50f4348b-c883-4e2f-8f11-ce233b859fa1,fda095cb-831d-4601-ad94-846013963de8,f92806d7-1768-443f-afe8-12bcde84d0f0,dd3a144d-ab7f-41f0-82b8-2e43a090d496,f0416e68-0200-4b77-a926-4f9d16e494da,970b0598-bcb0-4714-91fb-2e81440dccd8,bcd64cc6-2dd9-43f6-abbe-66318d332032,d930590d-bb92-4cc8-8bd1-23cd027f9edf,a3cd009f-0ab0-420d-9278-b9fdab939bbc,c27215d8-6835-4b68-bfbb-bdeac6100c04,b5d6115f-0370-4d7c-aad3-c194cc71cf98,871c3b6c-7379-419d-bda3-794b239ab90d
2023-11-21 19:40:52-debug: // ---- build task 查询 Asset Bundle ---- (28ms)
2023-11-21 19:40:52-debug: run build task 查询 Asset Bundle success in 28 ms √5%
2023-11-21 19:40:52-debug: // ---- build task 查询 Asset Bundle ----
2023-11-21 19:40:52-debug: [Build Memory track]: 查询 Asset Bundle start:314.90MB, end 318.93MB, increase: 4.02MB
2023-11-21 19:40:52-debug: 查询 Asset Bundle start5%
2023-11-21 19:40:52-debug: // ---- build task 查询 Asset Bundle ---- (1ms)
2023-11-21 19:40:52-debug: run build task 查询 Asset Bundle success in 1 ms √10%
2023-11-21 19:40:52-debug: [Build Memory track]: 查询 Asset Bundle start:318.94MB, end 318.96MB, increase: 15.50KB
2023-11-21 19:40:52-debug: 整理部分构建选项内数据到 settings.json start10%
2023-11-21 19:40:52-debug: // ---- build task 整理部分构建选项内数据到 settings.json ----
2023-11-21 19:40:52-debug: // ---- build task 整理部分构建选项内数据到 settings.json ---- (1ms)
2023-11-21 19:40:52-debug: run build task 整理部分构建选项内数据到 settings.json success in 1 ms √12%
2023-11-21 19:40:52-debug: // ---- build task 填充脚本数据到 settings.json ----
2023-11-21 19:40:52-debug: 填充脚本数据到 settings.json start12%
2023-11-21 19:40:52-debug: [Build Memory track]: 整理部分构建选项内数据到 settings.json start:319.02MB, end 319.04MB, increase: 19.23KB
2023-11-21 19:40:52-debug: // ---- build task 填充脚本数据到 settings.json ---- (1ms)
2023-11-21 19:40:52-debug: run build task 填充脚本数据到 settings.json success in 1 ms √13%
2023-11-21 19:40:52-debug: [Build Memory track]: 填充脚本数据到 settings.json start:319.05MB, end 319.07MB, increase: 16.97KB
2023-11-21 19:40:52-debug: // ---- build task 整理部分构建选项内数据到 settings.json ----
2023-11-21 19:40:52-debug: 整理部分构建选项内数据到 settings.json start13%
2023-11-21 19:40:52-debug: // ---- build task 整理部分构建选项内数据到 settings.json ---- (5ms)
2023-11-21 19:40:52-debug: [Build Memory track]: 整理部分构建选项内数据到 settings.json start:319.08MB, end 319.21MB, increase: 123.68KB
2023-11-21 19:40:52-debug: run build task 整理部分构建选项内数据到 settings.json success in 5 ms √15%
2023-11-21 19:41:03-debug: refresh db internal success
2023-11-21 19:41:03-debug: refresh db assets success
2023-11-21 19:41:03-debug: Run asset db hook engine-extends:afterRefresh ...
2023-11-21 19:41:03-debug: Run asset db hook engine-extends:afterRefresh success!
2023-11-21 19:41:03-debug: asset-db:refresh-all-database (162ms)
2023-11-21 19:41:03-debug: asset-db:worker-effect-data-processing (1ms)
2023-11-21 19:41:03-debug: asset-db-hook-engine-extends-afterRefresh (2ms)
