debug: Tue, 21 Nov 2023 11:40:40 GMT
debug: Project: F:\bigsinger\Farm\FarmCreator372
debug: Targets: editor,preview
debug: Incremental file seems great.
debug: Engine path: C:\ProgramData\cocos\editors\Creator\3.8.1\resources\resources\3d\engine
debug: Initializing target [Editor]
debug: Loading cache
debug: Loading cache costs 1.1072001457214355ms.
debug: Engine features shipped in editor: base,gfx-webgl,gfx-webgl2,gfx-empty,3d,animation,skeletal-animation,2d,ui,particle,particle-2d,physics-framework,physics-2d-framework,physics-2d-box2d-wasm,intersection-2d,primitive,profiler,occlusion-query,geometry-renderer,debug-renderer,audio,video,xr,light-probe,terrain,webview,tween,tiled-map,spine,dragon-bones,marionette,procedural-animation,custom-pipeline,websocket,websocket-server
debug: Our import map(foo:/bar): {
  "imports": {
    "cc": "cce:/internal/x/cc"
  }
}
debug: Initializing target [Preview]
debug: Loading cache
debug: Loading cache costs 0.8566000461578369ms.
debug: Our import map(foo:/bar): {
  "imports": {
    "cc": "cce:/internal/x/cc"
  }
}
debug: Sync engine features: 2d,animation,audio,base,dragon-bones,gfx-webgl,gfx-webgl2,intersection-2d,light-probe,particle-2d,physics-2d-box2d,profiler,spine,tiled-map,tween,ui,video,websocket,webview
debug: Reset databases. Enumerated domains: [
  {
    "root": "db://internal/",
    "physical": "C:\\ProgramData\\cocos\\editors\\Creator\\3.8.1\\resources\\resources\\3d\\engine\\editor\\assets"
  },
  {
    "root": "db://assets/",
    "physical": "F:\\bigsinger\\Farm\\FarmCreator372\\assets"
  }
]
debug: Our import map(foo:/bar): {
  "imports": {
    "cc": "cce:/internal/x/cc",
    "db://internal/": "file:///C:/ProgramData/cocos/editors/Creator/3.8.1/resources/resources/3d/engine/editor/assets/",
    "db://assets/": "file:///F:/bigsinger/Farm/FarmCreator372/assets/"
  }
}
debug: Our import map(foo:/bar): {
  "imports": {
    "cc": "cce:/internal/x/cc",
    "db://internal/": "file:///C:/ProgramData/cocos/editors/Creator/3.8.1/resources/resources/3d/engine/editor/assets/",
    "db://assets/": "file:///F:/bigsinger/Farm/FarmCreator372/assets/"
  }
}
debug: Pulling asset-db.
debug: Fetch asset-db cost: 12.695899963378906ms.
debug: Build iteration starts.
Number of accumulated asset changes: 8
Feature changed: false
debug: Target(editor) build started.
debug: Detected change: cce:/internal/x/cc. Last mtime: Thu Jan 01 1970 08:00:26 GMT+0800 (中国标准时间), Current mtime: Thu Jan 01 1970 08:00:08 GMT+0800 (中国标准时间)
debug: Inspect cce:/internal/x/cc
debug: Resolve cce:/internal/x/cc-fu/base from cce:/internal/x/cc as external dependency cce:/internal/x/cc-fu/base.
debug: Resolve cce:/internal/x/cc-fu/gfx-webgl from cce:/internal/x/cc as external dependency cce:/internal/x/cc-fu/gfx-webgl.
debug: Resolve cce:/internal/x/cc-fu/gfx-webgl2 from cce:/internal/x/cc as external dependency cce:/internal/x/cc-fu/gfx-webgl2.
debug: Resolve cce:/internal/x/cc-fu/gfx-empty from cce:/internal/x/cc as external dependency cce:/internal/x/cc-fu/gfx-empty.
debug: Resolve cce:/internal/x/cc-fu/3d from cce:/internal/x/cc as external dependency cce:/internal/x/cc-fu/3d.
debug: Resolve cce:/internal/x/cc-fu/animation from cce:/internal/x/cc as external dependency cce:/internal/x/cc-fu/animation.
debug: Resolve cce:/internal/x/cc-fu/skeletal-animation from cce:/internal/x/cc as external dependency cce:/internal/x/cc-fu/skeletal-animation.
debug: Resolve cce:/internal/x/cc-fu/2d from cce:/internal/x/cc as external dependency cce:/internal/x/cc-fu/2d.
debug: Resolve cce:/internal/x/cc-fu/sorting from cce:/internal/x/cc as external dependency cce:/internal/x/cc-fu/sorting.
debug: Resolve cce:/internal/x/cc-fu/ui from cce:/internal/x/cc as external dependency cce:/internal/x/cc-fu/ui.
debug: Resolve cce:/internal/x/cc-fu/particle from cce:/internal/x/cc as external dependency cce:/internal/x/cc-fu/particle.
debug: Resolve cce:/internal/x/cc-fu/particle-2d from cce:/internal/x/cc as external dependency cce:/internal/x/cc-fu/particle-2d.
debug: Resolve cce:/internal/x/cc-fu/physics-framework from cce:/internal/x/cc as external dependency cce:/internal/x/cc-fu/physics-framework.
debug: Resolve cce:/internal/x/cc-fu/physics-2d-framework from cce:/internal/x/cc as external dependency cce:/internal/x/cc-fu/physics-2d-framework.
debug: Resolve cce:/internal/x/cc-fu/physics-2d-box2d-wasm from cce:/internal/x/cc as external dependency cce:/internal/x/cc-fu/physics-2d-box2d-wasm.
debug: Resolve cce:/internal/x/cc-fu/intersection-2d from cce:/internal/x/cc as external dependency cce:/internal/x/cc-fu/intersection-2d.
debug: Resolve cce:/internal/x/cc-fu/primitive from cce:/internal/x/cc as external dependency cce:/internal/x/cc-fu/primitive.
debug: Resolve cce:/internal/x/cc-fu/profiler from cce:/internal/x/cc as external dependency cce:/internal/x/cc-fu/profiler.
debug: Resolve cce:/internal/x/cc-fu/geometry-renderer from cce:/internal/x/cc as external dependency cce:/internal/x/cc-fu/geometry-renderer.
debug: Resolve cce:/internal/x/cc-fu/audio from cce:/internal/x/cc as external dependency cce:/internal/x/cc-fu/audio.
debug: Resolve cce:/internal/x/cc-fu/video from cce:/internal/x/cc as external dependency cce:/internal/x/cc-fu/video.
debug: Resolve cce:/internal/x/cc-fu/xr from cce:/internal/x/cc as external dependency cce:/internal/x/cc-fu/xr.
debug: Resolve cce:/internal/x/cc-fu/light-probe from cce:/internal/x/cc as external dependency cce:/internal/x/cc-fu/light-probe.
debug: Resolve cce:/internal/x/cc-fu/terrain from cce:/internal/x/cc as external dependency cce:/internal/x/cc-fu/terrain.
debug: Resolve cce:/internal/x/cc-fu/webview from cce:/internal/x/cc as external dependency cce:/internal/x/cc-fu/webview.
debug: Resolve cce:/internal/x/cc-fu/tween from cce:/internal/x/cc as external dependency cce:/internal/x/cc-fu/tween.
debug: Resolve cce:/internal/x/cc-fu/tiled-map from cce:/internal/x/cc as external dependency cce:/internal/x/cc-fu/tiled-map.
debug: Resolve cce:/internal/x/cc-fu/spine from cce:/internal/x/cc as external dependency cce:/internal/x/cc-fu/spine.
debug: Resolve cce:/internal/x/cc-fu/dragon-bones from cce:/internal/x/cc as external dependency cce:/internal/x/cc-fu/dragon-bones.
debug: Resolve cce:/internal/x/cc-fu/custom-pipeline from cce:/internal/x/cc as external dependency cce:/internal/x/cc-fu/custom-pipeline.
debug: Detected change: cce:/internal/x/prerequisite-imports. Last mtime: Thu Jan 01 1970 08:00:39 GMT+0800 (中国标准时间), Current mtime: Thu Jan 01 1970 08:00:14 GMT+0800 (中国标准时间)
debug: Inspect cce:/internal/x/prerequisite-imports
debug: Resolve file:///C:/ProgramData/cocos/editors/Creator/3.8.1/resources/resources/3d/engine/editor/assets/tools/debug-view-runtime-control.ts from cce:/internal/x/prerequisite-imports as file:///C:/ProgramData/cocos/editors/Creator/3.8.1/resources/resources/3d/engine/editor/assets/tools/debug-view-runtime-control.ts.
debug: Resolve cc from file:///C:/ProgramData/cocos/editors/Creator/3.8.1/resources/resources/3d/engine/editor/assets/tools/debug-view-runtime-control.ts as cce:/internal/x/cc.
debug: Resolve cc from file:///C:/ProgramData/cocos/editors/Creator/3.8.1/resources/resources/3d/engine/editor/assets/tools/debug-view-runtime-control.ts as cce:/internal/x/cc.
debug: Resolve cc from file:///C:/ProgramData/cocos/editors/Creator/3.8.1/resources/resources/3d/engine/editor/assets/tools/debug-view-runtime-control.ts as cce:/internal/x/cc.
debug: Resolve file:///F:/bigsinger/Farm/FarmCreator372/assets/ts/Crop.ts from cce:/internal/x/prerequisite-imports as file:///F:/bigsinger/Farm/FarmCreator372/assets/ts/Crop.ts.
debug: Resolve cc from file:///F:/bigsinger/Farm/FarmCreator372/assets/ts/Crop.ts as cce:/internal/x/cc.
debug: Resolve cc from file:///F:/bigsinger/Farm/FarmCreator372/assets/ts/Crop.ts as cce:/internal/x/cc.
debug: Resolve cc from file:///F:/bigsinger/Farm/FarmCreator372/assets/ts/Crop.ts as cce:/internal/x/cc.
debug: Resolve file:///F:/bigsinger/Farm/FarmCreator372/assets/ts/brand.ts from cce:/internal/x/prerequisite-imports as file:///F:/bigsinger/Farm/FarmCreator372/assets/ts/brand.ts.
debug: Resolve cc from file:///F:/bigsinger/Farm/FarmCreator372/assets/ts/brand.ts as cce:/internal/x/cc.
debug: Resolve cc from file:///F:/bigsinger/Farm/FarmCreator372/assets/ts/brand.ts as cce:/internal/x/cc.
debug: Resolve cc from file:///F:/bigsinger/Farm/FarmCreator372/assets/ts/brand.ts as cce:/internal/x/cc.
debug: Resolve file:///F:/bigsinger/Farm/FarmCreator372/assets/ts/cloud.ts from cce:/internal/x/prerequisite-imports as file:///F:/bigsinger/Farm/FarmCreator372/assets/ts/cloud.ts.
debug: Resolve cc from file:///F:/bigsinger/Farm/FarmCreator372/assets/ts/cloud.ts as cce:/internal/x/cc.
debug: Resolve cc from file:///F:/bigsinger/Farm/FarmCreator372/assets/ts/cloud.ts as cce:/internal/x/cc.
debug: Resolve cc from file:///F:/bigsinger/Farm/FarmCreator372/assets/ts/cloud.ts as cce:/internal/x/cc.
debug: Resolve file:///F:/bigsinger/Farm/FarmCreator372/assets/ts/fireworks.ts from cce:/internal/x/prerequisite-imports as file:///F:/bigsinger/Farm/FarmCreator372/assets/ts/fireworks.ts.
debug: Resolve cc from file:///F:/bigsinger/Farm/FarmCreator372/assets/ts/fireworks.ts as cce:/internal/x/cc.
debug: Resolve cc from file:///F:/bigsinger/Farm/FarmCreator372/assets/ts/fireworks.ts as cce:/internal/x/cc.
debug: Resolve cc from file:///F:/bigsinger/Farm/FarmCreator372/assets/ts/fireworks.ts as cce:/internal/x/cc.
debug: Resolve file:///F:/bigsinger/Farm/FarmCreator372/assets/ts/kuojian.ts from cce:/internal/x/prerequisite-imports as file:///F:/bigsinger/Farm/FarmCreator372/assets/ts/kuojian.ts.
debug: Resolve cc from file:///F:/bigsinger/Farm/FarmCreator372/assets/ts/kuojian.ts as cce:/internal/x/cc.
debug: Resolve cc from file:///F:/bigsinger/Farm/FarmCreator372/assets/ts/kuojian.ts as cce:/internal/x/cc.
debug: Resolve cc from file:///F:/bigsinger/Farm/FarmCreator372/assets/ts/kuojian.ts as cce:/internal/x/cc.
debug: Resolve file:///F:/bigsinger/Farm/FarmCreator372/assets/ts/soil.ts from cce:/internal/x/prerequisite-imports as file:///F:/bigsinger/Farm/FarmCreator372/assets/ts/soil.ts.
debug: Resolve cce:/internal/code-quality/cr.mjs from file:///F:/bigsinger/Farm/FarmCreator372/assets/ts/soil.ts as cce:/internal/code-quality/cr.mjs.
debug: Detected change: cce:/internal/code-quality/cr.mjs. Last mtime: Tue Nov 21 2023 19:27:49 GMT+0800 (中国标准时间), Current mtime: Tue Nov 21 2023 19:40:31 GMT+0800 (中国标准时间)
debug: Inspect cce:/internal/code-quality/cr.mjs
debug: Resolve cc from file:///F:/bigsinger/Farm/FarmCreator372/assets/ts/soil.ts as cce:/internal/x/cc.
debug: Resolve cc from file:///F:/bigsinger/Farm/FarmCreator372/assets/ts/soil.ts as cce:/internal/x/cc.
debug: Resolve cc from file:///F:/bigsinger/Farm/FarmCreator372/assets/ts/soil.ts as cce:/internal/x/cc.
debug: Resolve ./Crop from file:///F:/bigsinger/Farm/FarmCreator372/assets/ts/soil.ts as file:///F:/bigsinger/Farm/FarmCreator372/assets/ts/Crop.ts.
debug: Target(editor) ends with cost 107.86080002784729ms.
debug: Target(preview) build started.
debug: Detected change: cce:/internal/x/cc. Last mtime: Thu Jan 01 1970 08:00:26 GMT+0800 (中国标准时间), Current mtime: Thu Jan 01 1970 08:00:14 GMT+0800 (中国标准时间)
debug: Inspect cce:/internal/x/cc
debug: Resolve cce:/internal/x/cc-fu/2d from cce:/internal/x/cc as external dependency cce:/internal/x/cc-fu/2d.
debug: Resolve cce:/internal/x/cc-fu/sorting from cce:/internal/x/cc as external dependency cce:/internal/x/cc-fu/sorting.
debug: Resolve cce:/internal/x/cc-fu/animation from cce:/internal/x/cc as external dependency cce:/internal/x/cc-fu/animation.
debug: Resolve cce:/internal/x/cc-fu/audio from cce:/internal/x/cc as external dependency cce:/internal/x/cc-fu/audio.
debug: Resolve cce:/internal/x/cc-fu/base from cce:/internal/x/cc as external dependency cce:/internal/x/cc-fu/base.
debug: Resolve cce:/internal/x/cc-fu/dragon-bones from cce:/internal/x/cc as external dependency cce:/internal/x/cc-fu/dragon-bones.
debug: Resolve cce:/internal/x/cc-fu/gfx-webgl from cce:/internal/x/cc as external dependency cce:/internal/x/cc-fu/gfx-webgl.
debug: Resolve cce:/internal/x/cc-fu/gfx-webgl2 from cce:/internal/x/cc as external dependency cce:/internal/x/cc-fu/gfx-webgl2.
debug: Resolve cce:/internal/x/cc-fu/intersection-2d from cce:/internal/x/cc as external dependency cce:/internal/x/cc-fu/intersection-2d.
debug: Resolve cce:/internal/x/cc-fu/light-probe from cce:/internal/x/cc as external dependency cce:/internal/x/cc-fu/light-probe.
debug: Resolve cce:/internal/x/cc-fu/particle-2d from cce:/internal/x/cc as external dependency cce:/internal/x/cc-fu/particle-2d.
debug: Resolve cce:/internal/x/cc-fu/physics-2d-box2d from cce:/internal/x/cc as external dependency cce:/internal/x/cc-fu/physics-2d-box2d.
debug: Resolve cce:/internal/x/cc-fu/physics-2d-framework from cce:/internal/x/cc as external dependency cce:/internal/x/cc-fu/physics-2d-framework.
debug: Resolve cce:/internal/x/cc-fu/profiler from cce:/internal/x/cc as external dependency cce:/internal/x/cc-fu/profiler.
debug: Resolve cce:/internal/x/cc-fu/spine from cce:/internal/x/cc as external dependency cce:/internal/x/cc-fu/spine.
debug: Resolve cce:/internal/x/cc-fu/tiled-map from cce:/internal/x/cc as external dependency cce:/internal/x/cc-fu/tiled-map.
debug: Resolve cce:/internal/x/cc-fu/tween from cce:/internal/x/cc as external dependency cce:/internal/x/cc-fu/tween.
debug: Resolve cce:/internal/x/cc-fu/ui from cce:/internal/x/cc as external dependency cce:/internal/x/cc-fu/ui.
debug: Resolve cce:/internal/x/cc-fu/video from cce:/internal/x/cc as external dependency cce:/internal/x/cc-fu/video.
debug: Resolve cce:/internal/x/cc-fu/webview from cce:/internal/x/cc as external dependency cce:/internal/x/cc-fu/webview.
debug: Detected change: cce:/internal/x/prerequisite-imports. Last mtime: Thu Jan 01 1970 08:00:41 GMT+0800 (中国标准时间), Current mtime: Thu Jan 01 1970 08:00:14 GMT+0800 (中国标准时间)
debug: Inspect cce:/internal/x/prerequisite-imports
debug: Resolve file:///C:/ProgramData/cocos/editors/Creator/3.8.1/resources/resources/3d/engine/editor/assets/tools/debug-view-runtime-control.ts from cce:/internal/x/prerequisite-imports as file:///C:/ProgramData/cocos/editors/Creator/3.8.1/resources/resources/3d/engine/editor/assets/tools/debug-view-runtime-control.ts.
debug: Resolve cc from file:///C:/ProgramData/cocos/editors/Creator/3.8.1/resources/resources/3d/engine/editor/assets/tools/debug-view-runtime-control.ts as cce:/internal/x/cc.
debug: Resolve cc from file:///C:/ProgramData/cocos/editors/Creator/3.8.1/resources/resources/3d/engine/editor/assets/tools/debug-view-runtime-control.ts as cce:/internal/x/cc.
debug: Resolve cc from file:///C:/ProgramData/cocos/editors/Creator/3.8.1/resources/resources/3d/engine/editor/assets/tools/debug-view-runtime-control.ts as cce:/internal/x/cc.
debug: Resolve file:///F:/bigsinger/Farm/FarmCreator372/assets/ts/Crop.ts from cce:/internal/x/prerequisite-imports as file:///F:/bigsinger/Farm/FarmCreator372/assets/ts/Crop.ts.
debug: Resolve cc from file:///F:/bigsinger/Farm/FarmCreator372/assets/ts/Crop.ts as cce:/internal/x/cc.
debug: Resolve cc from file:///F:/bigsinger/Farm/FarmCreator372/assets/ts/Crop.ts as cce:/internal/x/cc.
debug: Resolve cc from file:///F:/bigsinger/Farm/FarmCreator372/assets/ts/Crop.ts as cce:/internal/x/cc.
debug: Resolve file:///F:/bigsinger/Farm/FarmCreator372/assets/ts/brand.ts from cce:/internal/x/prerequisite-imports as file:///F:/bigsinger/Farm/FarmCreator372/assets/ts/brand.ts.
debug: Resolve cc from file:///F:/bigsinger/Farm/FarmCreator372/assets/ts/brand.ts as cce:/internal/x/cc.
debug: Resolve cc from file:///F:/bigsinger/Farm/FarmCreator372/assets/ts/brand.ts as cce:/internal/x/cc.
debug: Resolve cc from file:///F:/bigsinger/Farm/FarmCreator372/assets/ts/brand.ts as cce:/internal/x/cc.
debug: Resolve file:///F:/bigsinger/Farm/FarmCreator372/assets/ts/cloud.ts from cce:/internal/x/prerequisite-imports as file:///F:/bigsinger/Farm/FarmCreator372/assets/ts/cloud.ts.
debug: Resolve cc from file:///F:/bigsinger/Farm/FarmCreator372/assets/ts/cloud.ts as cce:/internal/x/cc.
debug: Resolve cc from file:///F:/bigsinger/Farm/FarmCreator372/assets/ts/cloud.ts as cce:/internal/x/cc.
debug: Resolve cc from file:///F:/bigsinger/Farm/FarmCreator372/assets/ts/cloud.ts as cce:/internal/x/cc.
debug: Resolve file:///F:/bigsinger/Farm/FarmCreator372/assets/ts/fireworks.ts from cce:/internal/x/prerequisite-imports as file:///F:/bigsinger/Farm/FarmCreator372/assets/ts/fireworks.ts.
debug: Resolve cc from file:///F:/bigsinger/Farm/FarmCreator372/assets/ts/fireworks.ts as cce:/internal/x/cc.
debug: Resolve cc from file:///F:/bigsinger/Farm/FarmCreator372/assets/ts/fireworks.ts as cce:/internal/x/cc.
debug: Resolve cc from file:///F:/bigsinger/Farm/FarmCreator372/assets/ts/fireworks.ts as cce:/internal/x/cc.
debug: Resolve file:///F:/bigsinger/Farm/FarmCreator372/assets/ts/kuojian.ts from cce:/internal/x/prerequisite-imports as file:///F:/bigsinger/Farm/FarmCreator372/assets/ts/kuojian.ts.
debug: Resolve cc from file:///F:/bigsinger/Farm/FarmCreator372/assets/ts/kuojian.ts as cce:/internal/x/cc.
debug: Resolve cc from file:///F:/bigsinger/Farm/FarmCreator372/assets/ts/kuojian.ts as cce:/internal/x/cc.
debug: Resolve cc from file:///F:/bigsinger/Farm/FarmCreator372/assets/ts/kuojian.ts as cce:/internal/x/cc.
debug: Resolve file:///F:/bigsinger/Farm/FarmCreator372/assets/ts/soil.ts from cce:/internal/x/prerequisite-imports as file:///F:/bigsinger/Farm/FarmCreator372/assets/ts/soil.ts.
debug: Resolve cce:/internal/code-quality/cr.mjs from file:///F:/bigsinger/Farm/FarmCreator372/assets/ts/soil.ts as cce:/internal/code-quality/cr.mjs.
debug: Detected change: cce:/internal/code-quality/cr.mjs. Last mtime: Tue Nov 21 2023 19:27:49 GMT+0800 (中国标准时间), Current mtime: Tue Nov 21 2023 19:40:31 GMT+0800 (中国标准时间)
debug: Inspect cce:/internal/code-quality/cr.mjs
debug: Resolve cc from file:///F:/bigsinger/Farm/FarmCreator372/assets/ts/soil.ts as cce:/internal/x/cc.
debug: Resolve cc from file:///F:/bigsinger/Farm/FarmCreator372/assets/ts/soil.ts as cce:/internal/x/cc.
debug: Resolve cc from file:///F:/bigsinger/Farm/FarmCreator372/assets/ts/soil.ts as cce:/internal/x/cc.
debug: Resolve ./Crop from file:///F:/bigsinger/Farm/FarmCreator372/assets/ts/soil.ts as file:///F:/bigsinger/Farm/FarmCreator372/assets/ts/Crop.ts.
debug: Target(preview) ends with cost 133.68950009346008ms.
debug: Pulling asset-db.
debug: Fetch asset-db cost: 791.8282999992371ms.
debug: Build iteration starts.
Number of accumulated asset changes: 8
Feature changed: false
debug: Target(editor) build started.
debug: Detected change: cce:/internal/x/prerequisite-imports. Last mtime: Thu Jan 01 1970 08:00:14 GMT+0800 (中国标准时间), Current mtime: Thu Jan 01 1970 08:00:15 GMT+0800 (中国标准时间)
debug: Inspect cce:/internal/x/prerequisite-imports
debug: Resolve file:///C:/ProgramData/cocos/editors/Creator/3.8.1/resources/resources/3d/engine/editor/assets/tools/debug-view-runtime-control.ts from cce:/internal/x/prerequisite-imports as file:///C:/ProgramData/cocos/editors/Creator/3.8.1/resources/resources/3d/engine/editor/assets/tools/debug-view-runtime-control.ts.
debug: Resolve file:///F:/bigsinger/Farm/FarmCreator372/assets/ts/Crop.ts from cce:/internal/x/prerequisite-imports as file:///F:/bigsinger/Farm/FarmCreator372/assets/ts/Crop.ts.
debug: Resolve file:///F:/bigsinger/Farm/FarmCreator372/assets/ts/brand.ts from cce:/internal/x/prerequisite-imports as file:///F:/bigsinger/Farm/FarmCreator372/assets/ts/brand.ts.
debug: Resolve file:///F:/bigsinger/Farm/FarmCreator372/assets/ts/cloud.ts from cce:/internal/x/prerequisite-imports as file:///F:/bigsinger/Farm/FarmCreator372/assets/ts/cloud.ts.
debug: Resolve file:///F:/bigsinger/Farm/FarmCreator372/assets/ts/fireworks.ts from cce:/internal/x/prerequisite-imports as file:///F:/bigsinger/Farm/FarmCreator372/assets/ts/fireworks.ts.
debug: Resolve file:///F:/bigsinger/Farm/FarmCreator372/assets/ts/kuojian.ts from cce:/internal/x/prerequisite-imports as file:///F:/bigsinger/Farm/FarmCreator372/assets/ts/kuojian.ts.
debug: Resolve file:///F:/bigsinger/Farm/FarmCreator372/assets/ts/soil.ts from cce:/internal/x/prerequisite-imports as file:///F:/bigsinger/Farm/FarmCreator372/assets/ts/soil.ts.
debug: Target(editor) ends with cost 37.19609999656677ms.
debug: Target(preview) build started.
debug: Detected change: cce:/internal/x/prerequisite-imports. Last mtime: Thu Jan 01 1970 08:00:14 GMT+0800 (中国标准时间), Current mtime: Thu Jan 01 1970 08:00:15 GMT+0800 (中国标准时间)
debug: Inspect cce:/internal/x/prerequisite-imports
debug: Resolve file:///C:/ProgramData/cocos/editors/Creator/3.8.1/resources/resources/3d/engine/editor/assets/tools/debug-view-runtime-control.ts from cce:/internal/x/prerequisite-imports as file:///C:/ProgramData/cocos/editors/Creator/3.8.1/resources/resources/3d/engine/editor/assets/tools/debug-view-runtime-control.ts.
debug: Resolve file:///F:/bigsinger/Farm/FarmCreator372/assets/ts/Crop.ts from cce:/internal/x/prerequisite-imports as file:///F:/bigsinger/Farm/FarmCreator372/assets/ts/Crop.ts.
debug: Resolve file:///F:/bigsinger/Farm/FarmCreator372/assets/ts/brand.ts from cce:/internal/x/prerequisite-imports as file:///F:/bigsinger/Farm/FarmCreator372/assets/ts/brand.ts.
debug: Resolve file:///F:/bigsinger/Farm/FarmCreator372/assets/ts/cloud.ts from cce:/internal/x/prerequisite-imports as file:///F:/bigsinger/Farm/FarmCreator372/assets/ts/cloud.ts.
debug: Resolve file:///F:/bigsinger/Farm/FarmCreator372/assets/ts/fireworks.ts from cce:/internal/x/prerequisite-imports as file:///F:/bigsinger/Farm/FarmCreator372/assets/ts/fireworks.ts.
debug: Resolve file:///F:/bigsinger/Farm/FarmCreator372/assets/ts/kuojian.ts from cce:/internal/x/prerequisite-imports as file:///F:/bigsinger/Farm/FarmCreator372/assets/ts/kuojian.ts.
debug: Resolve file:///F:/bigsinger/Farm/FarmCreator372/assets/ts/soil.ts from cce:/internal/x/prerequisite-imports as file:///F:/bigsinger/Farm/FarmCreator372/assets/ts/soil.ts.
debug: Target(preview) ends with cost 35.53810000419617ms.
